# JRE version: Java(TM) SE Runtime Environment (7.0_75-b13) (build 1.7.0_75-b13)
# Java VM: Java HotSpot(TM) 64-Bit Server VM (24.75-b04 mixed mode windows-amd64 compressed oops)
Heap
 PSYoungGen      total 342528K, used 39933K [0x00000007d5c00000, 0x00000007fcb00000, 0x0000000800000000)
  eden space 329728K, 10% used [0x00000007d5c00000,0x00000007d7d267f0,0x00000007e9e00000)
  from space 12800K, 46% used [0x00000007f0680000,0x00000007f0c58e48,0x00000007f1300000)
  to   space 107008K, 0% used [0x00000007e9e00000,0x00000007e9e00000,0x00000007f0680000)
 ParOldGen       total 419840K, used 273524K [0x0000000781400000, 0x000000079ae00000, 0x00000007d5c00000)
  object space 419840K, 65% used [0x0000000781400000,0x0000000791f1d398,0x000000079ae00000)
 PSPermGen       total 37888K, used 18803K [0x000000077c200000, 0x000000077e700000, 0x0000000781400000)
  object space 37888K, 49% used [0x000000077c200000,0x000000077d45cda0,0x000000077e700000)
GC Heap History (10 events):
Event: 3.283 GC heap before
{Heap before GC invocations=7 (full 0):
 PSYoungGen      total 140288K, used 139980K [0x00000007d5c00000, 0x00000007dec00000, 0x0000000800000000)
  eden space 133120K, 100% used [0x00000007d5c00000,0x00000007dde00000,0x00000007dde00000)
  from space 7168K, 95% used [0x00000007de500000,0x00000007debb3178,0x00000007dec00000)
  to   space 7168K, 0% used [0x00000007dde00000,0x00000007dde00000,0x00000007de500000)
 ParOldGen       total 86528K, used 5372K [0x0000000781400000, 0x0000000786880000, 0x00000007d5c00000)
  object space 86528K, 6% used [0x0000000781400000,0x000000078193f320,0x0000000786880000)
 PSPermGen       total 21504K, used 18491K [0x000000077c200000, 0x000000077d700000, 0x0000000781400000)
  object space 21504K, 85% used [0x000000077c200000,0x000000077d40ed40,0x000000077d700000)
Event: 3.298 GC heap after
Heap after GC invocations=7 (full 0):
 PSYoungGen      total 140288K, used 6271K [0x00000007d5c00000, 0x00000007e6e00000, 0x0000000800000000)
  eden space 133120K, 0% used [0x00000007d5c00000,0x00000007d5c00000,0x00000007dde00000)
  from space 7168K, 87% used [0x00000007dde00000,0x00000007de41fd70,0x00000007de500000)
  to   space 7168K, 0% used [0x00000007e6700000,0x00000007e6700000,0x00000007e6e00000)
 ParOldGen       total 86528K, used 11615K [0x0000000781400000, 0x0000000786880000, 0x00000007d5c00000)
  object space 86528K, 13% used [0x0000000781400000,0x0000000781f57d20,0x0000000786880000)
 PSPermGen       total 21504K, used 18491K [0x000000077c200000, 0x000000077d700000, 0x0000000781400000)
  object space 21504K, 85% used [0x000000077c200000,0x000000077d40ed40,0x000000077d700000)
}
Event: 3.406 GC heap before
{Heap before GC invocations=8 (full 0):
 PSYoungGen      total 140288K, used 139391K [0x00000007d5c00000, 0x00000007e6e00000, 0x0000000800000000)
  eden space 133120K, 100% used [0x00000007d5c00000,0x00000007dde00000,0x00000007dde00000)
  from space 7168K, 87% used [0x00000007dde00000,0x00000007de41fd70,0x00000007de500000)
  to   space 7168K, 0% used [0x00000007e6700000,0x00000007e6700000,0x00000007e6e00000)
 ParOldGen       total 86528K, used 11615K [0x0000000781400000, 0x0000000786880000, 0x00000007d5c00000)
  object space 86528K, 13% used [0x0000000781400000,0x0000000781f57d20,0x0000000786880000)
 PSPermGen       total 21504K, used 18491K [0x000000077c200000, 0x000000077d700000, 0x0000000781400000)
  object space 21504K, 85% used [0x000000077c200000,0x000000077d40ef28,0x000000077d700000)
Event: 3.417 GC heap after
Heap after GC invocations=8 (full 0):
 PSYoungGen      total 271872K, used 7150K [0x00000007d5c00000, 0x00000007e7100000, 0x0000000800000000)
  eden space 264704K, 0% used [0x00000007d5c00000,0x00000007d5c00000,0x00000007e5e80000)
  from space 7168K, 99% used [0x00000007e6700000,0x00000007e6dfbbf8,0x00000007e6e00000)
  to   space 8704K, 0% used [0x00000007e5e80000,0x00000007e5e80000,0x00000007e6700000)
 ParOldGen       total 86528K, used 13903K [0x0000000781400000, 0x0000000786880000, 0x00000007d5c00000)
  object space 86528K, 16% used [0x0000000781400000,0x0000000782193d20,0x0000000786880000)
 PSPermGen       total 21504K, used 18491K [0x000000077c200000, 0x000000077d700000, 0x0000000781400000)
  object space 21504K, 85% used [0x000000077c200000,0x000000077d40ef28,0x000000077d700000)
}
Event: 3.888 GC heap before
{Heap before GC invocations=9 (full 0):
 PSYoungGen      total 271872K, used 271854K [0x00000007d5c00000, 0x00000007e7100000, 0x0000000800000000)
  eden space 264704K, 100% used [0x00000007d5c00000,0x00000007e5e80000,0x00000007e5e80000)
  from space 7168K, 99% used [0x00000007e6700000,0x00000007e6dfbbf8,0x00000007e6e00000)
  to   space 8704K, 0% used [0x00000007e5e80000,0x00000007e5e80000,0x00000007e6700000)
 ParOldGen       total 86528K, used 13903K [0x0000000781400000, 0x0000000786880000, 0x00000007d5c00000)
  object space 86528K, 16% used [0x0000000781400000,0x0000000782193d20,0x0000000786880000)
 PSPermGen       total 21504K, used 18498K [0x000000077c200000, 0x000000077d700000, 0x0000000781400000)
  object space 21504K, 86% used [0x000000077c200000,0x000000077d4108d8,0x000000077d700000)
Event: 3.914 GC heap after
Heap after GC invocations=9 (full 0):
 PSYoungGen      total 273408K, used 8682K [0x00000007d5c00000, 0x00000007f1300000, 0x0000000800000000)
  eden space 264704K, 0% used [0x00000007d5c00000,0x00000007d5c00000,0x00000007e5e80000)
  from space 8704K, 99% used [0x00000007e5e80000,0x00000007e66fa868,0x00000007e6700000)
  to   space 12800K, 0% used [0x00000007f0680000,0x00000007f0680000,0x00000007f1300000)
 ParOldGen       total 86528K, used 23029K [0x0000000781400000, 0x0000000786880000, 0x00000007d5c00000)
  object space 86528K, 26% used [0x0000000781400000,0x0000000782a7d468,0x0000000786880000)
 PSPermGen       total 21504K, used 18498K [0x000000077c200000, 0x000000077d700000, 0x0000000781400000)
  object space 21504K, 86% used [0x000000077c200000,0x000000077d4108d8,0x000000077d700000)
}
Event: 5.597 GC heap before
{Heap before GC invocations=10 (full 0):
 PSYoungGen      total 273408K, used 273386K [0x00000007d5c00000, 0x00000007f1300000, 0x0000000800000000)
  eden space 264704K, 100% used [0x00000007d5c00000,0x00000007e5e80000,0x00000007e5e80000)
  from space 8704K, 99% used [0x00000007e5e80000,0x00000007e66fa868,0x00000007e6700000)
  to   space 12800K, 0% used [0x00000007f0680000,0x00000007f0680000,0x00000007f1300000)
 ParOldGen       total 86528K, used 23029K [0x0000000781400000, 0x0000000786880000, 0x00000007d5c00000)
  object space 86528K, 26% used [0x0000000781400000,0x0000000782a7d468,0x0000000786880000)
 PSPermGen       total 21504K, used 18784K [0x000000077c200000, 0x000000077d700000, 0x0000000781400000)
  object space 21504K, 87% used [0x000000077c200000,0x000000077d458150,0x000000077d700000)
Event: 5.696 GC heap after
Heap after GC invocations=10 (full 0):
 PSYoungGen      total 342528K, used 12789K [0x00000007d5c00000, 0x00000007fcb00000, 0x0000000800000000)
  eden space 329728K, 0% used [0x00000007d5c00000,0x00000007d5c00000,0x00000007e9e00000)
  from space 12800K, 99% used [0x00000007f0680000,0x00000007f12fd7c0,0x00000007f1300000)
  to   space 107008K, 0% used [0x00000007e9e00000,0x00000007e9e00000,0x00000007f0680000)
 ParOldGen       total 273920K, used 273278K [0x0000000781400000, 0x0000000791f80000, 0x00000007d5c00000)
  object space 273920K, 99% used [0x0000000781400000,0x0000000791edfa98,0x0000000791f80000)
 PSPermGen       total 21504K, used 18784K [0x000000077c200000, 0x000000077d700000, 0x0000000781400000)
  object space 21504K, 87% used [0x000000077c200000,0x000000077d458150,0x000000077d700000)
}
Event: 5.696 GC heap before
{Heap before GC invocations=11 (full 1):
 PSYoungGen      total 342528K, used 12789K [0x00000007d5c00000, 0x00000007fcb00000, 0x0000000800000000)
  eden space 329728K, 0% used [0x00000007d5c00000,0x00000007d5c00000,0x00000007e9e00000)
  from space 12800K, 99% used [0x00000007f0680000,0x00000007f12fd7c0,0x00000007f1300000)
  to   space 107008K, 0% used [0x00000007e9e00000,0x00000007e9e00000,0x00000007f0680000)
 ParOldGen       total 273920K, used 273278K [0x0000000781400000, 0x0000000791f80000, 0x00000007d5c00000)
  object space 273920K, 99% used [0x0000000781400000,0x0000000791edfa98,0x0000000791f80000)
 PSPermGen       total 21504K, used 18784K [0x000000077c200000, 0x000000077d700000, 0x0000000781400000)
  object space 21504K, 87% used [0x000000077c200000,0x000000077d458150,0x000000077d700000)
Event: 6.084 GC heap after
Heap after GC invocations=11 (full 1):
 PSYoungGen      total 342528K, used 5987K [0x00000007d5c00000, 0x00000007fcb00000, 0x0000000800000000)
  eden space 329728K, 0% used [0x00000007d5c00000,0x00000007d5c00000,0x00000007e9e00000)
  from space 12800K, 46% used [0x00000007f0680000,0x00000007f0c58e48,0x00000007f1300000)
  to   space 107008K, 0% used [0x00000007e9e00000,0x00000007e9e00000,0x00000007f0680000)
 ParOldGen       total 419840K, used 273524K [0x0000000781400000, 0x000000079ae00000, 0x00000007d5c00000)
  object space 419840K, 65% used [0x0000000781400000,0x0000000791f1d398,0x000000079ae00000)
 PSPermGen       total 37888K, used 18778K [0x000000077c200000, 0x000000077e700000, 0x0000000781400000)
  object space 37888K, 49% used [0x000000077c200000,0x000000077d456b40,0x000000077e700000)
}

