# JRE version: Java(TM) SE Runtime Environment (7.0_75-b13) (build 1.7.0_75-b13)
# Java VM: Java HotSpot(TM) 64-Bit Server VM (24.75-b04 mixed mode windows-amd64 compressed oops)
Heap
 PSYoungGen      total 342016K, used 38903K [0x00000007d5c00000, 0x00000007fce00000, 0x0000000800000000)
  eden space 328704K, 8% used [0x00000007d5c00000,0x00000007d78c2d78,0x00000007e9d00000)
  from space 13312K, 71% used [0x00000007f0700000,0x00000007f103b0b0,0x00000007f1400000)
  to   space 108544K, 0% used [0x00000007e9d00000,0x00000007e9d00000,0x00000007f0700000)
 ParOldGen       total 422400K, used 274471K [0x0000000781400000, 0x000000079b080000, 0x00000007d5c00000)
  object space 422400K, 64% used [0x0000000781400000,0x0000000792009c90,0x000000079b080000)
 PSPermGen       total 37888K, used 18801K [0x000000077c200000, 0x000000077e700000, 0x0000000781400000)
  object space 37888K, 49% used [0x000000077c200000,0x000000077d45c720,0x000000077e700000)
GC Heap History (10 events):
Event: 3.604 GC heap before
{Heap before GC invocations=7 (full 0):
 PSYoungGen      total 140288K, used 140108K [0x00000007d5c00000, 0x00000007dec00000, 0x0000000800000000)
  eden space 133120K, 100% used [0x00000007d5c00000,0x00000007dde00000,0x00000007dde00000)
  from space 7168K, 97% used [0x00000007de500000,0x00000007debd3198,0x00000007dec00000)
  to   space 7168K, 0% used [0x00000007dde00000,0x00000007dde00000,0x00000007de500000)
 ParOldGen       total 86528K, used 5165K [0x0000000781400000, 0x0000000786880000, 0x00000007d5c00000)
  object space 86528K, 5% used [0x0000000781400000,0x000000078190b5c8,0x0000000786880000)
 PSPermGen       total 21504K, used 18491K [0x000000077c200000, 0x000000077d700000, 0x0000000781400000)
  object space 21504K, 85% used [0x000000077c200000,0x000000077d40ed28,0x000000077d700000)
Event: 3.616 GC heap after
Heap after GC invocations=7 (full 0):
 PSYoungGen      total 140288K, used 6079K [0x00000007d5c00000, 0x00000007e6e00000, 0x0000000800000000)
  eden space 133120K, 0% used [0x00000007d5c00000,0x00000007d5c00000,0x00000007dde00000)
  from space 7168K, 84% used [0x00000007dde00000,0x00000007de3efd70,0x00000007de500000)
  to   space 7168K, 0% used [0x00000007e6700000,0x00000007e6700000,0x00000007e6e00000)
 ParOldGen       total 86528K, used 9177K [0x0000000781400000, 0x0000000786880000, 0x00000007d5c00000)
  object space 86528K, 10% used [0x0000000781400000,0x0000000781cf67b8,0x0000000786880000)
 PSPermGen       total 21504K, used 18491K [0x000000077c200000, 0x000000077d700000, 0x0000000781400000)
  object space 21504K, 85% used [0x000000077c200000,0x000000077d40ed28,0x000000077d700000)
}
Event: 3.715 GC heap before
{Heap before GC invocations=8 (full 0):
 PSYoungGen      total 140288K, used 139199K [0x00000007d5c00000, 0x00000007e6e00000, 0x0000000800000000)
  eden space 133120K, 100% used [0x00000007d5c00000,0x00000007dde00000,0x00000007dde00000)
  from space 7168K, 84% used [0x00000007dde00000,0x00000007de3efd70,0x00000007de500000)
  to   space 7168K, 0% used [0x00000007e6700000,0x00000007e6700000,0x00000007e6e00000)
 ParOldGen       total 86528K, used 9177K [0x0000000781400000, 0x0000000786880000, 0x00000007d5c00000)
  object space 86528K, 10% used [0x0000000781400000,0x0000000781cf67b8,0x0000000786880000)
 PSPermGen       total 21504K, used 18491K [0x000000077c200000, 0x000000077d700000, 0x0000000781400000)
  object space 21504K, 85% used [0x000000077c200000,0x000000077d40ef10,0x000000077d700000)
Event: 3.725 GC heap after
Heap after GC invocations=8 (full 0):
 PSYoungGen      total 271872K, used 7150K [0x00000007d5c00000, 0x00000007e7100000, 0x0000000800000000)
  eden space 264704K, 0% used [0x00000007d5c00000,0x00000007d5c00000,0x00000007e5e80000)
  from space 7168K, 99% used [0x00000007e6700000,0x00000007e6dfbbf8,0x00000007e6e00000)
  to   space 8704K, 0% used [0x00000007e5e80000,0x00000007e5e80000,0x00000007e6700000)
 ParOldGen       total 86528K, used 11233K [0x0000000781400000, 0x0000000786880000, 0x00000007d5c00000)
  object space 86528K, 12% used [0x0000000781400000,0x0000000781ef87b8,0x0000000786880000)
 PSPermGen       total 21504K, used 18491K [0x000000077c200000, 0x000000077d700000, 0x0000000781400000)
  object space 21504K, 85% used [0x000000077c200000,0x000000077d40ef10,0x000000077d700000)
}
Event: 4.256 GC heap before
{Heap before GC invocations=9 (full 0):
 PSYoungGen      total 271872K, used 271854K [0x00000007d5c00000, 0x00000007e7100000, 0x0000000800000000)
  eden space 264704K, 100% used [0x00000007d5c00000,0x00000007e5e80000,0x00000007e5e80000)
  from space 7168K, 99% used [0x00000007e6700000,0x00000007e6dfbbf8,0x00000007e6e00000)
  to   space 8704K, 0% used [0x00000007e5e80000,0x00000007e5e80000,0x00000007e6700000)
 ParOldGen       total 86528K, used 11233K [0x0000000781400000, 0x0000000786880000, 0x00000007d5c00000)
  object space 86528K, 12% used [0x0000000781400000,0x0000000781ef87b8,0x0000000786880000)
 PSPermGen       total 21504K, used 18496K [0x000000077c200000, 0x000000077d700000, 0x0000000781400000)
  object space 21504K, 86% used [0x000000077c200000,0x000000077d4101f8,0x000000077d700000)
Event: 4.284 GC heap after
Heap after GC invocations=9 (full 0):
 PSYoungGen      total 273408K, used 8679K [0x00000007d5c00000, 0x00000007f1400000, 0x0000000800000000)
  eden space 264704K, 0% used [0x00000007d5c00000,0x00000007d5c00000,0x00000007e5e80000)
  from space 8704K, 99% used [0x00000007e5e80000,0x00000007e66f9ea8,0x00000007e6700000)
  to   space 13312K, 0% used [0x00000007f0700000,0x00000007f0700000,0x00000007f1400000)
 ParOldGen       total 86528K, used 21395K [0x0000000781400000, 0x0000000786880000, 0x00000007d5c00000)
  object space 86528K, 24% used [0x0000000781400000,0x00000007828e4c88,0x0000000786880000)
 PSPermGen       total 21504K, used 18496K [0x000000077c200000, 0x000000077d700000, 0x0000000781400000)
  object space 21504K, 86% used [0x000000077c200000,0x000000077d4101f8,0x000000077d700000)
}
Event: 5.814 GC heap before
{Heap before GC invocations=10 (full 0):
 PSYoungGen      total 273408K, used 273383K [0x00000007d5c00000, 0x00000007f1400000, 0x0000000800000000)
  eden space 264704K, 100% used [0x00000007d5c00000,0x00000007e5e80000,0x00000007e5e80000)
  from space 8704K, 99% used [0x00000007e5e80000,0x00000007e66f9ea8,0x00000007e6700000)
  to   space 13312K, 0% used [0x00000007f0700000,0x00000007f0700000,0x00000007f1400000)
 ParOldGen       total 86528K, used 21395K [0x0000000781400000, 0x0000000786880000, 0x00000007d5c00000)
  object space 86528K, 24% used [0x0000000781400000,0x00000007828e4c88,0x0000000786880000)
 PSPermGen       total 21504K, used 18782K [0x000000077c200000, 0x000000077d700000, 0x0000000781400000)
  object space 21504K, 87% used [0x000000077c200000,0x000000077d457a70,0x000000077d700000)
Event: 5.926 GC heap after
Heap after GC invocations=10 (full 0):
 PSYoungGen      total 342016K, used 13290K [0x00000007d5c00000, 0x00000007fce00000, 0x0000000800000000)
  eden space 328704K, 0% used [0x00000007d5c00000,0x00000007d5c00000,0x00000007e9d00000)
  from space 13312K, 99% used [0x00000007f0700000,0x00000007f13faaa0,0x00000007f1400000)
  to   space 108544K, 0% used [0x00000007e9d00000,0x00000007e9d00000,0x00000007f0700000)
 ParOldGen       total 274944K, used 274294K [0x0000000781400000, 0x0000000792080000, 0x00000007d5c00000)
  object space 274944K, 99% used [0x0000000781400000,0x0000000791fddb88,0x0000000792080000)
 PSPermGen       total 21504K, used 18782K [0x000000077c200000, 0x000000077d700000, 0x0000000781400000)
  object space 21504K, 87% used [0x000000077c200000,0x000000077d457a70,0x000000077d700000)
}
Event: 5.926 GC heap before
{Heap before GC invocations=11 (full 1):
 PSYoungGen      total 342016K, used 13290K [0x00000007d5c00000, 0x00000007fce00000, 0x0000000800000000)
  eden space 328704K, 0% used [0x00000007d5c00000,0x00000007d5c00000,0x00000007e9d00000)
  from space 13312K, 99% used [0x00000007f0700000,0x00000007f13faaa0,0x00000007f1400000)
  to   space 108544K, 0% used [0x00000007e9d00000,0x00000007e9d00000,0x00000007f0700000)
 ParOldGen       total 274944K, used 274294K [0x0000000781400000, 0x0000000792080000, 0x00000007d5c00000)
  object space 274944K, 99% used [0x0000000781400000,0x0000000791fddb88,0x0000000792080000)
 PSPermGen       total 21504K, used 18782K [0x000000077c200000, 0x000000077d700000, 0x0000000781400000)
  object space 21504K, 87% used [0x000000077c200000,0x000000077d457a70,0x000000077d700000)
Event: 6.362 GC heap after
Heap after GC invocations=11 (full 1):
 PSYoungGen      total 342016K, used 9452K [0x00000007d5c00000, 0x00000007fce00000, 0x0000000800000000)
  eden space 328704K, 0% used [0x00000007d5c00000,0x00000007d5c00000,0x00000007e9d00000)
  from space 13312K, 71% used [0x00000007f0700000,0x00000007f103b0b0,0x00000007f1400000)
  to   space 108544K, 0% used [0x00000007e9d00000,0x00000007e9d00000,0x00000007f0700000)
 ParOldGen       total 422400K, used 274471K [0x0000000781400000, 0x000000079b080000, 0x00000007d5c00000)
  object space 422400K, 64% used [0x0000000781400000,0x0000000792009c90,0x000000079b080000)
 PSPermGen       total 37888K, used 18777K [0x000000077c200000, 0x000000077e700000, 0x0000000781400000)
  object space 37888K, 49% used [0x000000077c200000,0x000000077d4564c0,0x000000077e700000)
}

